mode: set
github.com/harungurubudi/rolade/activation/function.go:15.49,15.72 1 1
github.com/harungurubudi/rolade/activation/function.go:16.49,16.75 1 1
github.com/harungurubudi/rolade/activation/function.go:17.49,17.72 1 1
github.com/harungurubudi/rolade/activation/function.go:26.52,27.57 1 1
github.com/harungurubudi/rolade/activation/function.go:27.57,29.3 1 1
github.com/harungurubudi/rolade/activation/function.go:30.2,30.65 1 0
github.com/harungurubudi/rolade/activation/relu.go:16.55,18.2 1 1
github.com/harungurubudi/rolade/activation/relu.go:20.55,21.17 1 0
github.com/harungurubudi/rolade/activation/relu.go:21.17,23.3 1 0
github.com/harungurubudi/rolade/activation/relu.go:25.2,25.10 1 0
github.com/harungurubudi/rolade/activation/relu.go:28.32,30.2 1 0
github.com/harungurubudi/rolade/activation/sigmoid.go:14.58,16.2 1 1
github.com/harungurubudi/rolade/activation/sigmoid.go:18.58,20.2 1 0
github.com/harungurubudi/rolade/activation/sigmoid.go:22.35,24.2 1 0
github.com/harungurubudi/rolade/activation/tanh.go:13.55,15.2 1 1
github.com/harungurubudi/rolade/activation/tanh.go:17.55,19.2 1 0
github.com/harungurubudi/rolade/activation/tanh.go:21.32,23.2 1 0
github.com/harungurubudi/rolade/examples/main.go:18.13,20.16 2 0
github.com/harungurubudi/rolade/examples/main.go:20.16,22.3 1 0
github.com/harungurubudi/rolade/examples/main.go:24.2,25.16 2 0
github.com/harungurubudi/rolade/examples/main.go:25.16,27.3 1 0
github.com/harungurubudi/rolade/examples/main.go:29.2,30.16 2 0
github.com/harungurubudi/rolade/examples/main.go:30.16,32.3 1 0
github.com/harungurubudi/rolade/examples/main.go:34.2,43.16 3 0
github.com/harungurubudi/rolade/examples/main.go:43.16,45.3 1 0
github.com/harungurubudi/rolade/examples/main.go:47.2,48.16 2 0
github.com/harungurubudi/rolade/examples/main.go:48.16,50.3 1 0
github.com/harungurubudi/rolade/examples/main.go:52.2,53.16 2 0
github.com/harungurubudi/rolade/examples/main.go:53.16,55.3 1 0
github.com/harungurubudi/rolade/examples/main.go:58.2,58.15 1 0
github.com/harungurubudi/rolade/examples/main.go:61.40,63.16 2 0
github.com/harungurubudi/rolade/examples/main.go:63.16,65.3 1 0
github.com/harungurubudi/rolade/examples/main.go:67.2,68.16 2 0
github.com/harungurubudi/rolade/examples/main.go:68.16,70.3 1 0
github.com/harungurubudi/rolade/examples/main.go:72.2,74.32 2 0
github.com/harungurubudi/rolade/examples/main.go:74.32,76.17 2 0
github.com/harungurubudi/rolade/examples/main.go:76.17,78.4 1 0
github.com/harungurubudi/rolade/examples/main.go:80.3,92.22 4 0
github.com/harungurubudi/rolade/examples/main.go:92.22,94.4 1 0
github.com/harungurubudi/rolade/examples/main.go:98.2,100.91 2 0
github.com/harungurubudi/rolade/examples/main.go:103.37,104.39 1 0
github.com/harungurubudi/rolade/examples/main.go:104.39,106.3 1 0
github.com/harungurubudi/rolade/examples/main.go:106.8,106.46 1 0
github.com/harungurubudi/rolade/examples/main.go:106.46,108.3 1 0
github.com/harungurubudi/rolade/examples/main.go:108.8,108.46 1 0
github.com/harungurubudi/rolade/examples/main.go:108.46,110.3 1 0
github.com/harungurubudi/rolade/examples/main.go:110.8,112.3 1 0
github.com/harungurubudi/rolade/examples/main.go:115.54,116.52 1 0
github.com/harungurubudi/rolade/examples/main.go:116.52,118.3 1 0
github.com/harungurubudi/rolade/examples/main.go:120.2,120.15 1 0
github.com/harungurubudi/rolade/examples/main.go:123.102,125.16 2 0
github.com/harungurubudi/rolade/examples/main.go:125.16,127.3 1 0
github.com/harungurubudi/rolade/examples/main.go:129.2,131.6 3 0
github.com/harungurubudi/rolade/examples/main.go:131.6,133.20 2 0
github.com/harungurubudi/rolade/examples/main.go:133.20,134.9 1 0
github.com/harungurubudi/rolade/examples/main.go:136.3,136.17 1 0
github.com/harungurubudi/rolade/examples/main.go:136.17,138.4 1 0
github.com/harungurubudi/rolade/examples/main.go:140.3,141.17 2 0
github.com/harungurubudi/rolade/examples/main.go:141.17,148.4 1 0
github.com/harungurubudi/rolade/examples/main.go:150.3,150.18 1 0
github.com/harungurubudi/rolade/examples/main.go:151.22,152.54 1 0
github.com/harungurubudi/rolade/examples/main.go:153.26,154.54 1 0
github.com/harungurubudi/rolade/examples/main.go:155.25,156.54 1 0
github.com/harungurubudi/rolade/examples/main.go:160.2,161.16 2 0
github.com/harungurubudi/rolade/examples/main.go:161.16,163.3 1 0
github.com/harungurubudi/rolade/examples/main.go:165.2,165.31 1 0
github.com/harungurubudi/rolade/examples/main.go:168.46,170.16 2 0
github.com/harungurubudi/rolade/examples/main.go:170.16,172.3 1 0
github.com/harungurubudi/rolade/examples/main.go:174.2,174.15 1 0
github.com/harungurubudi/rolade/loss/function.go:13.40,13.63 1 1
github.com/harungurubudi/rolade/loss/function.go:21.46,22.57 1 1
github.com/harungurubudi/rolade/loss/function.go:22.57,24.3 1 1
github.com/harungurubudi/rolade/loss/function.go:25.2,25.68 1 0
github.com/harungurubudi/rolade/loss/rmse.go:14.59,18.20 2 1
github.com/harungurubudi/rolade/loss/rmse.go:18.20,20.3 1 0
github.com/harungurubudi/rolade/loss/rmse.go:22.2,22.27 1 1
github.com/harungurubudi/rolade/loss/rmse.go:22.27,24.3 1 1
github.com/harungurubudi/rolade/loss/rmse.go:26.2,28.3 1 1
github.com/harungurubudi/rolade/loss/rmse.go:31.32,33.2 1 0
github.com/harungurubudi/rolade/network/function.go:22.108,25.16 3 0
github.com/harungurubudi/rolade/network/function.go:25.16,27.3 1 0
github.com/harungurubudi/rolade/network/function.go:29.2,43.16 3 0
github.com/harungurubudi/rolade/network/function.go:53.49,55.16 2 0
github.com/harungurubudi/rolade/network/function.go:55.16,57.3 1 0
github.com/harungurubudi/rolade/network/function.go:59.2,61.16 3 0
github.com/harungurubudi/rolade/network/function.go:61.16,63.3 1 0
github.com/harungurubudi/rolade/network/function.go:65.2,66.40 2 0
github.com/harungurubudi/rolade/network/function.go:66.40,68.17 2 0
github.com/harungurubudi/rolade/network/function.go:68.17,70.4 1 0
github.com/harungurubudi/rolade/network/function.go:72.3,80.5 1 0
github.com/harungurubudi/rolade/network/function.go:83.2,84.16 2 0
github.com/harungurubudi/rolade/network/function.go:84.16,86.3 1 0
github.com/harungurubudi/rolade/network/function.go:88.2,89.16 2 0
github.com/harungurubudi/rolade/network/function.go:89.16,91.3 1 0
github.com/harungurubudi/rolade/network/function.go:93.2,103.8 1 0
github.com/harungurubudi/rolade/network/function.go:106.115,108.34 2 0
github.com/harungurubudi/rolade/network/function.go:108.34,110.35 2 0
github.com/harungurubudi/rolade/network/function.go:110.35,112.4 1 0
github.com/harungurubudi/rolade/network/function.go:113.3,113.21 1 0
github.com/harungurubudi/rolade/network/function.go:116.2,117.34 2 0
github.com/harungurubudi/rolade/network/function.go:117.34,119.3 1 0
github.com/harungurubudi/rolade/network/function.go:121.2,130.20 2 0
github.com/harungurubudi/rolade/network/function.go:133.47,135.2 1 0
github.com/harungurubudi/rolade/network/function.go:137.55,138.20 1 0
github.com/harungurubudi/rolade/network/function.go:138.20,140.3 1 0
github.com/harungurubudi/rolade/network/function.go:142.2,143.27 2 0
github.com/harungurubudi/rolade/network/function.go:143.27,145.3 1 0
github.com/harungurubudi/rolade/network/function.go:147.2,147.38 1 0
github.com/harungurubudi/rolade/network/function.go:150.52,151.30 1 0
github.com/harungurubudi/rolade/network/function.go:151.30,152.36 1 0
github.com/harungurubudi/rolade/network/function.go:152.36,153.40 1 0
github.com/harungurubudi/rolade/network/function.go:153.40,155.5 1 0
github.com/harungurubudi/rolade/network/function.go:158.3,158.36 1 0
github.com/harungurubudi/rolade/network/function.go:158.36,160.4 1 0
github.com/harungurubudi/rolade/network/function.go:163.2,163.10 1 0
github.com/harungurubudi/rolade/network/rolade.go:58.80,60.17 2 0
github.com/harungurubudi/rolade/network/rolade.go:60.17,63.17 3 0
github.com/harungurubudi/rolade/network/rolade.go:63.17,65.4 1 0
github.com/harungurubudi/rolade/network/rolade.go:66.3,66.33 1 0
github.com/harungurubudi/rolade/network/rolade.go:69.2,70.16 2 0
github.com/harungurubudi/rolade/network/rolade.go:70.16,72.3 1 0
github.com/harungurubudi/rolade/network/rolade.go:73.2,74.12 2 0
github.com/harungurubudi/rolade/network/rolade.go:78.42,79.23 1 0
github.com/harungurubudi/rolade/network/rolade.go:79.23,81.3 1 0
github.com/harungurubudi/rolade/network/rolade.go:82.2,82.28 1 0
github.com/harungurubudi/rolade/network/rolade.go:82.28,84.3 1 0
github.com/harungurubudi/rolade/network/rolade.go:85.2,85.34 1 0
github.com/harungurubudi/rolade/network/rolade.go:85.34,87.3 1 0
github.com/harungurubudi/rolade/network/rolade.go:88.2,88.25 1 0
github.com/harungurubudi/rolade/network/rolade.go:88.25,90.3 1 0
github.com/harungurubudi/rolade/network/rolade.go:94.68,96.16 2 0
github.com/harungurubudi/rolade/network/rolade.go:96.16,98.3 1 0
github.com/harungurubudi/rolade/network/rolade.go:100.2,101.47 2 0
github.com/harungurubudi/rolade/network/rolade.go:101.47,102.17 1 0
github.com/harungurubudi/rolade/network/rolade.go:102.17,104.4 1 0
github.com/harungurubudi/rolade/network/rolade.go:104.9,106.4 1 0
github.com/harungurubudi/rolade/network/rolade.go:109.2,109.45 1 0
github.com/harungurubudi/rolade/network/rolade.go:115.66,117.31 2 0
github.com/harungurubudi/rolade/network/rolade.go:117.31,119.3 1 0
github.com/harungurubudi/rolade/network/rolade.go:121.2,123.41 3 0
github.com/harungurubudi/rolade/network/rolade.go:123.41,125.19 2 0
github.com/harungurubudi/rolade/network/rolade.go:125.19,127.4 1 0
github.com/harungurubudi/rolade/network/rolade.go:128.3,128.33 1 0
github.com/harungurubudi/rolade/network/rolade.go:131.2,131.20 1 0
github.com/harungurubudi/rolade/network/rolade.go:138.85,140.57 2 0
github.com/harungurubudi/rolade/network/rolade.go:140.57,142.3 1 0
github.com/harungurubudi/rolade/network/rolade.go:143.2,144.24 2 0
github.com/harungurubudi/rolade/network/rolade.go:144.24,146.63 2 0
github.com/harungurubudi/rolade/network/rolade.go:146.63,148.4 1 0
github.com/harungurubudi/rolade/network/rolade.go:149.3,150.67 2 0
github.com/harungurubudi/rolade/network/rolade.go:153.2,153.20 1 0
github.com/harungurubudi/rolade/network/rolade.go:164.75,167.29 3 0
github.com/harungurubudi/rolade/network/rolade.go:167.29,169.3 1 0
github.com/harungurubudi/rolade/network/rolade.go:171.2,174.53 4 0
github.com/harungurubudi/rolade/network/rolade.go:174.53,176.17 2 0
github.com/harungurubudi/rolade/network/rolade.go:176.17,178.4 1 0
github.com/harungurubudi/rolade/network/rolade.go:180.3,183.35 3 0
github.com/harungurubudi/rolade/network/rolade.go:183.35,185.4 1 0
github.com/harungurubudi/rolade/network/rolade.go:187.3,187.32 1 0
github.com/harungurubudi/rolade/network/rolade.go:187.32,190.4 2 0
github.com/harungurubudi/rolade/network/rolade.go:192.2,195.12 4 0
github.com/harungurubudi/rolade/network/rolade.go:204.101,205.31 1 0
github.com/harungurubudi/rolade/network/rolade.go:205.31,208.17 2 0
github.com/harungurubudi/rolade/network/rolade.go:208.17,210.4 1 0
github.com/harungurubudi/rolade/network/rolade.go:213.3,220.32 5 0
github.com/harungurubudi/rolade/network/rolade.go:220.32,224.4 3 0
github.com/harungurubudi/rolade/network/rolade.go:226.3,227.17 2 0
github.com/harungurubudi/rolade/network/rolade.go:227.17,229.4 1 0
github.com/harungurubudi/rolade/network/rolade.go:231.3,233.17 3 0
github.com/harungurubudi/rolade/network/rolade.go:233.17,235.4 1 0
github.com/harungurubudi/rolade/network/rolade.go:236.3,236.37 1 0
github.com/harungurubudi/rolade/network/rolade.go:239.2,239.21 1 0
github.com/harungurubudi/rolade/network/rolade.go:247.86,249.39 2 0
github.com/harungurubudi/rolade/network/rolade.go:249.39,251.17 2 0
github.com/harungurubudi/rolade/network/rolade.go:251.17,253.4 1 0
github.com/harungurubudi/rolade/network/rolade.go:254.3,255.17 2 0
github.com/harungurubudi/rolade/network/rolade.go:258.2,258.28 1 0
github.com/harungurubudi/rolade/network/rolade.go:266.106,270.33 3 0
github.com/harungurubudi/rolade/network/rolade.go:270.33,273.34 3 0
github.com/harungurubudi/rolade/network/rolade.go:273.34,276.4 2 0
github.com/harungurubudi/rolade/network/rolade.go:277.3,278.39 2 0
github.com/harungurubudi/rolade/network/rolade.go:281.2,282.33 2 0
github.com/harungurubudi/rolade/network/rolade.go:282.33,284.3 1 0
github.com/harungurubudi/rolade/network/rolade.go:286.2,291.27 2 0
github.com/harungurubudi/rolade/network/rolade.go:296.43,297.30 1 0
github.com/harungurubudi/rolade/network/rolade.go:297.30,298.36 1 0
github.com/harungurubudi/rolade/network/rolade.go:298.36,299.40 1 0
github.com/harungurubudi/rolade/network/rolade.go:299.40,301.5 1 0
github.com/harungurubudi/rolade/network/rolade.go:304.3,304.36 1 0
github.com/harungurubudi/rolade/network/rolade.go:304.36,306.4 1 0
github.com/harungurubudi/rolade/network/rolade.go:317.50,319.40 2 0
github.com/harungurubudi/rolade/network/rolade.go:319.40,321.17 2 0
github.com/harungurubudi/rolade/network/rolade.go:321.17,323.4 1 0
github.com/harungurubudi/rolade/network/rolade.go:324.3,335.5 1 0
github.com/harungurubudi/rolade/network/rolade.go:338.2,339.16 2 0
github.com/harungurubudi/rolade/network/rolade.go:339.16,341.3 1 0
github.com/harungurubudi/rolade/network/rolade.go:343.2,344.16 2 0
github.com/harungurubudi/rolade/network/rolade.go:344.16,346.3 1 0
github.com/harungurubudi/rolade/network/rolade.go:348.2,367.16 3 0
github.com/harungurubudi/rolade/network/rolade.go:367.16,369.3 1 0
github.com/harungurubudi/rolade/network/rolade.go:371.2,372.16 2 0
github.com/harungurubudi/rolade/network/rolade.go:372.16,374.3 1 0
github.com/harungurubudi/rolade/network/rolade.go:375.2,378.16 3 0
github.com/harungurubudi/rolade/network/rolade.go:378.16,380.3 1 0
github.com/harungurubudi/rolade/network/rolade.go:381.2,381.12 1 0
github.com/harungurubudi/rolade/optimizer/function.go:15.48,18.17 3 1
github.com/harungurubudi/rolade/optimizer/function.go:18.17,20.4 1 0
github.com/harungurubudi/rolade/optimizer/function.go:21.3,21.17 1 1
github.com/harungurubudi/rolade/optimizer/function.go:34.55,35.57 1 1
github.com/harungurubudi/rolade/optimizer/function.go:35.57,37.3 1 1
github.com/harungurubudi/rolade/optimizer/function.go:38.2,38.64 1 0
github.com/harungurubudi/rolade/optimizer/sgd.go:19.20,23.2 3 0
github.com/harungurubudi/rolade/optimizer/sgd.go:25.52,27.21 2 0
github.com/harungurubudi/rolade/optimizer/sgd.go:27.21,29.3 1 0
github.com/harungurubudi/rolade/optimizer/sgd.go:29.8,31.19 2 0
github.com/harungurubudi/rolade/optimizer/sgd.go:31.19,33.4 1 0
github.com/harungurubudi/rolade/optimizer/sgd.go:33.9,35.4 1 0
github.com/harungurubudi/rolade/optimizer/sgd.go:38.2,38.14 1 0
github.com/harungurubudi/rolade/optimizer/sgd.go:41.28,42.18 1 0
github.com/harungurubudi/rolade/optimizer/sgd.go:42.18,44.3 1 0
github.com/harungurubudi/rolade/optimizer/sgd.go:47.31,49.2 1 0
github.com/harungurubudi/rolade/preprocessor/normalizer.go:8.86,9.24 1 0
github.com/harungurubudi/rolade/preprocessor/normalizer.go:9.24,11.3 1 0
github.com/harungurubudi/rolade/preprocessor/normalizer.go:13.2,16.32 2 0
github.com/harungurubudi/rolade/preprocessor/normalizer.go:16.32,17.34 1 0
github.com/harungurubudi/rolade/preprocessor/normalizer.go:17.34,19.4 1 0
github.com/harungurubudi/rolade/preprocessor/normalizer.go:21.3,21.31 1 0
github.com/harungurubudi/rolade/preprocessor/normalizer.go:21.31,23.4 1 0
github.com/harungurubudi/rolade/preprocessor/normalizer.go:27.2,27.37 1 0
github.com/harungurubudi/rolade/preprocessor/normalizer.go:27.37,29.17 2 0
github.com/harungurubudi/rolade/preprocessor/normalizer.go:29.17,31.4 1 0
github.com/harungurubudi/rolade/preprocessor/normalizer.go:35.2,35.33 1 0
github.com/harungurubudi/rolade/preprocessor/normalizer.go:35.33,37.38 2 0
github.com/harungurubudi/rolade/preprocessor/normalizer.go:37.38,39.4 1 0
github.com/harungurubudi/rolade/preprocessor/normalizer.go:40.3,40.31 1 0
github.com/harungurubudi/rolade/preprocessor/normalizer.go:43.2,43.20 1 0
github.com/harungurubudi/rolade/preprocessor/normalizer.go:46.78,48.26 2 0
github.com/harungurubudi/rolade/preprocessor/normalizer.go:48.26,49.13 1 0
github.com/harungurubudi/rolade/preprocessor/normalizer.go:49.13,52.4 2 0
github.com/harungurubudi/rolade/preprocessor/normalizer.go:52.9,53.23 1 0
github.com/harungurubudi/rolade/preprocessor/normalizer.go:53.23,55.5 1 0
github.com/harungurubudi/rolade/preprocessor/normalizer.go:57.4,57.24 1 0
github.com/harungurubudi/rolade/preprocessor/normalizer.go:57.24,59.5 1 0
github.com/harungurubudi/rolade/preprocessor/normalizer.go:63.2,64.18 2 0
github.com/harungurubudi/rolade/preprocessor/normalizer.go:64.18,66.3 1 0
github.com/harungurubudi/rolade/preprocessor/normalizer.go:68.2,68.26 1 0
github.com/harungurubudi/rolade/preprocessor/normalizer.go:68.26,70.3 1 0
github.com/harungurubudi/rolade/preprocessor/normalizer.go:72.2,72.20 1 0
